<?xml version="1.0" encoding="UTF-8"?>
<testsuite xmlns:xsi="http://www.w3.org/2001/XMLSchema-instance" xsi:noNamespaceSchemaLocation="https://maven.apache.org/surefire/maven-surefire-plugin/xsd/surefire-test-report-3.0.xsd" version="3.0" name="com.ptk.demo.BookLibraryApplicationTests" time="0.884" tests="1" errors="0" skipped="0" failures="0">
  <properties>
[...]
</properties>
  <testcase name="contextLoads" classname="com.ptk.demo.BookLibraryApplicationTests" time="0.031">
    <system-out><![CDATA[2026-03-11T15:25:09.090+06:30  INFO 16140 --- [Book-library] [           main] t.c.s.AnnotationConfigContextLoaderUtils : Could not detect default configuration classes for test class [com.ptk.demo.BookLibraryApplicationTests]: BookLibraryApplicationTests does not declare any static, non-private, non-final, nested classes annotated with @Configuration.
2026-03-11T15:25:09.104+06:30  INFO 16140 --- [Book-library] [           main] .b.t.c.SpringBootTestContextBootstrapper : Found @SpringBootConfiguration com.ptk.demo.BookLibraryApplication for test class com.ptk.demo.BookLibraryApplicationTests
2026-03-11T15:25:09.128+06:30  INFO 16140 --- [Book-library] [           main] o.s.b.d.r.RestartApplicationListener     : Restart disabled due to context in which it is running

  .   ____          _            __ _ _
 /\\ / ___'_ __ _ _(_)_ __  __ _ \ \ \ \
( ( )\___ | '_ | '_| | '_ \/ _` | \ \ \ \
 \\/  ___)| |_)| | | | | || (_| |  ) ) ) )
  '  |____| .__|_| |_|_| |_\__, | / / / /
 =========|_|==============|___/=/_/_/_/

 :: Spring Boot ::                (v4.0.3)

2026-03-11T15:25:09.158+06:30  INFO 16140 --- [Book-library] [           main] c.ptk.demo.BookLibraryApplicationTests   : Starting BookLibraryApplicationTests using Java 21.0.9 with PID 16140 (started by User in D:\Eclipse\Book-library)
2026-03-11T15:25:09.158+06:30  INFO 16140 --- [Book-library] [           main] c.ptk.demo.BookLibraryApplicationTests   : No active profile set, falling back to 1 default profile: "default"
2026-03-11T15:25:09.408+06:30  INFO 16140 --- [Book-library] [           main] .s.d.r.c.RepositoryConfigurationDelegate : Multiple Spring Data modules found, entering strict repository configuration mode
2026-03-11T15:25:09.409+06:30  INFO 16140 --- [Book-library] [           main] .s.d.r.c.RepositoryConfigurationDelegate : Bootstrapping Spring Data JDBC repositories in DEFAULT mode.
2026-03-11T15:25:09.417+06:30  INFO 16140 --- [Book-library] [           main] .RepositoryConfigurationExtensionSupport : Spring Data JDBC - Could not safely identify store assignment for repository candidate interface com.ptk.demo.repository.BookRepository; If you want this repository to be a JDBC repository, consider annotating your entities with one of these annotations: org.springframework.data.relational.core.mapping.Table.
2026-03-11T15:25:09.417+06:30  INFO 16140 --- [Book-library] [           main] .s.d.r.c.RepositoryConfigurationDelegate : Finished Spring Data repository scanning in 6 ms. Found 0 JDBC repository interfaces.
2026-03-11T15:25:09.424+06:30  INFO 16140 --- [Book-library] [           main] .s.d.r.c.RepositoryConfigurationDelegate : Multiple Spring Data modules found, entering strict repository configuration mode
2026-03-11T15:25:09.424+06:30  INFO 16140 --- [Book-library] [           main] .s.d.r.c.RepositoryConfigurationDelegate : Bootstrapping Spring Data JPA repositories in DEFAULT mode.
2026-03-11T15:25:09.437+06:30  INFO 16140 --- [Book-library] [           main] .s.d.r.c.RepositoryConfigurationDelegate : Finished Spring Data repository scanning in 11 ms. Found 1 JPA repository interface.
2026-03-11T15:25:09.531+06:30  INFO 16140 --- [Book-library] [           main] org.hibernate.orm.jpa                    : HHH008540: Processing PersistenceUnitInfo [name: default]
2026-03-11T15:25:09.560+06:30  INFO 16140 --- [Book-library] [           main] o.s.o.j.p.SpringPersistenceUnitInfo      : No LoadTimeWeaver setup: ignoring JPA class transformer
2026-03-11T15:25:09.561+06:30  INFO 16140 --- [Book-library] [           main] com.zaxxer.hikari.HikariDataSource       : HikariPool-2 - Starting...
2026-03-11T15:25:09.578+06:30  INFO 16140 --- [Book-library] [           main] com.zaxxer.hikari.pool.HikariPool        : HikariPool-2 - Added connection com.mysql.cj.jdbc.ConnectionImpl@ae094e8
2026-03-11T15:25:09.578+06:30  INFO 16140 --- [Book-library] [           main] com.zaxxer.hikari.HikariDataSource       : HikariPool-2 - Start completed.
2026-03-11T15:25:09.582+06:30  INFO 16140 --- [Book-library] [           main] org.hibernate.orm.connections.pooling    : HHH10001005: Database info:
	Database JDBC URL [jdbc:mysql://localhost:3306/springdb]
	Database driver: MySQL Connector/J
	Database dialect: MySQLDialect
	Database version: 8.0.40
	Default catalog/schema: springdb/undefined
	Autocommit mode: undefined/unknown
	Isolation level: REPEATABLE_READ [default REPEATABLE_READ]
	JDBC fetch size: none
	Pool: DataSourceConnectionProvider
	Minimum pool size: undefined/unknown
	Maximum pool size: undefined/unknown
2026-03-11T15:25:09.612+06:30  INFO 16140 --- [Book-library] [           main] org.hibernate.orm.core                   : HHH000489: No JTA platform available (set 'hibernate.transaction.jta.platform' to enable JTA platform integration)
2026-03-11T15:25:09.631+06:30  INFO 16140 --- [Book-library] [           main] j.LocalContainerEntityManagerFactoryBean : Initialized JPA EntityManagerFactory for persistence unit 'default'
2026-03-11T15:25:09.717+06:30  WARN 16140 --- [Book-library] [           main] JpaBaseConfiguration$JpaWebConfiguration : spring.jpa.open-in-view is enabled by default. Therefore, database queries may be performed during view rendering. Explicitly configure spring.jpa.open-in-view to disable this warning
2026-03-11T15:25:09.731+06:30  INFO 16140 --- [Book-library] [           main] o.s.v.b.OptionalValidatorFactoryBean     : Failed to set up a Bean Validation provider: jakarta.validation.NoProviderFoundException: Unable to create a Configuration, because no Jakarta Validation provider could be found. Add a provider like Hibernate Validator (RI) to your classpath.
2026-03-11T15:25:09.911+06:30  INFO 16140 --- [Book-library] [           main] c.ptk.demo.BookLibraryApplicationTests   : Started BookLibraryApplicationTests in 0.782 seconds (process running for 12.385)
]]></system-out>
  </testcase>
</testsuite>